#
# There is insufficient memory for the Java Runtime Environment to continue.
# Native memory allocation (malloc) failed to allocate 165216 bytes for Chunk::new
# Possible reasons:
#   The system is out of physical RAM or swap space
#   In 32 bit mode, the process size limit was hit
# Possible solutions:
#   Reduce memory load on the system
#   Increase physical memory or swap space
#   Check if swap backing store is full
#   Use 64 bit Java on a 64 bit OS
#   Decrease Java heap size (-Xmx/-Xms)
#   Decrease number of Java threads
#   Decrease Java thread stack sizes (-Xss)
#   Set larger code cache with -XX:ReservedCodeCacheSize=
# This output file may be truncated or incomplete.
#
#  Out of Memory Error (allocation.cpp:390), pid=8384, tid=11504
#
# JRE version: Java(TM) SE Runtime Environment (8.0_60-b27) (build 1.8.0_60-b27)
# Java VM: Java HotSpot(TM) 64-Bit Server VM (25.60-b23 mixed mode windows-amd64 compressed oops)
# Failed to write core dump. Minidumps are not enabled by default on client versions of Windows
#

---------------  T H R E A D  ---------------

Current thread (0x000000001579c000):  JavaThread "C2 CompilerThread1" daemon [_thread_in_native, id=11504, stack(0x0000000016df0000,0x0000000016ef0000)]

Stack: [0x0000000016df0000,0x0000000016ef0000]
[error occurred during error reporting (printing stack bounds), id 0xc0000005]

Native frames: (J=compiled Java code, j=interpreted, Vv=VM code, C=native code)


Current CompileTask:
C2:  14705 2375 %     4       sun.security.provider.SHA::implCompress @ 203 (491 bytes)


---------------  P R O C E S S  ---------------

Java Threads: ( => current thread )
  0x0000000016f58000 JavaThread "Service Thread" daemon [_thread_blocked, id=9532, stack(0x00000000173f0000,0x00000000174f0000)]
  0x0000000016f46000 JavaThread "C1 CompilerThread2" daemon [_thread_blocked, id=11772, stack(0x00000000172f0000,0x00000000173f0000)]
=>0x000000001579c000 JavaThread "C2 CompilerThread1" daemon [_thread_in_native, id=11504, stack(0x0000000016df0000,0x0000000016ef0000)]
  0x0000000015799000 JavaThread "C2 CompilerThread0" daemon [_thread_blocked, id=9232, stack(0x0000000016cf0000,0x0000000016df0000)]
  0x000000001574c800 JavaThread "Attach Listener" daemon [_thread_blocked, id=10252, stack(0x0000000016bf0000,0x0000000016cf0000)]
  0x000000001574b800 JavaThread "Signal Dispatcher" daemon [_thread_blocked, id=8508, stack(0x0000000016af0000,0x0000000016bf0000)]
  0x0000000003066000 JavaThread "Finalizer" daemon [_thread_blocked, id=11552, stack(0x0000000016990000,0x0000000016a90000)]
  0x000000000305d000 JavaThread "Reference Handler" daemon [_thread_blocked, id=10976, stack(0x0000000016890000,0x0000000016990000)]
  0x0000000002f70800 JavaThread "main" [_thread_in_Java, id=10132, stack(0x0000000002e70000,0x0000000002f70000)]

Other Threads:
  0x0000000015707800 VMThread [stack: 0x0000000016790000,0x0000000016890000] [id=9616]
  0x0000000016f54000 WatcherThread [stack: 0x00000000174f0000,0x00000000175f0000] [id=11880]

VM state:not at safepoint (normal execution)

VM Mutex/Monitor currently owned by a thread: None

Heap:
 PSYoungGen      total 68608K, used 58946K [0x00000000eab00000, 0x00000000ef300000, 0x0000000100000000)
  eden space 63488K, 84% used [0x00000000eab00000,0x00000000edf97d40,0x00000000ee900000)
  from space 5120K, 99% used [0x00000000eee00000,0x00000000ef2f8ac8,0x00000000ef300000)
  to   space 5120K, 0% used [0x00000000ee900000,0x00000000ee900000,0x00000000eee00000)
 ParOldGen       total 84992K, used 5750K [0x00000000c0000000, 0x00000000c5300000, 0x00000000eab00000)
  object space 84992K, 6% used [0x00000000c0000000,0x00000000c059d9c0,0x00000000c5300000)
 Metaspace       used 6972K, capacity 7608K, committed 7936K, reserved 1056768K
  class space    used 651K, capacity 688K, committed 768K, reserved 1048576K

Card table byte_map: [0x0000000012430000,0x0000000012640000] byte_map_base: 0x0000000011e30000

Marking Bits: (ParMarkBitMap*) 0x000000007075a5b0
 Begin Bits: [0x0000000012ba0000, 0x0000000013ba0000)
 End Bits:   [0x0000000013ba0000, 0x0000000014ba0000)

Polling page: 0x0000000001240000

CodeCache: size=245760Kb used=10206Kb max_used=10219Kb free=235553Kb
 bounds [0x0000000003070000, 0x0000000003a80000, 0x0000000012070000]
 total_blobs=2619 nmethods=2340 adapters=191
 compilation: enabled

Compilation events (10 events):
Event: 14.696 Thread 0x0000000016f46000 2371       3       java.lang.Integer::reverseBytes (26 bytes)
Event: 14.697 Thread 0x0000000016f46000 nmethod 2371 0x0000000003a6c690 code [0x0000000003a6c7e0, 0x0000000003a6c930]
Event: 14.697 Thread 0x000000001579c000 2372       4       java.lang.Integer::reverseBytes (26 bytes)
Event: 14.697 Thread 0x000000001579c000 nmethod 2372 0x0000000003928ad0 code [0x0000000003928c00, 0x0000000003928c78]
Event: 14.698 Thread 0x0000000016f46000 2373       3       sun.security.provider.SHA::implCompress (491 bytes)
Event: 14.698 Thread 0x0000000016f46000 nmethod 2373 0x0000000003a6b350 code [0x0000000003a6b540, 0x0000000003a6be28]
Event: 14.698 Thread 0x0000000016f46000 2374       3       sun.security.provider.ByteArrayAccess::b2iBig64 (614 bytes)
Event: 14.699 Thread 0x000000001579c000 2375 %     4       sun.security.provider.SHA::implCompress @ 203 (491 bytes)
Event: 14.699 Thread 0x0000000016f46000 nmethod 2374 0x0000000003a6dd10 code [0x0000000003a6df20, 0x0000000003a6ece8]
Event: 14.703 Thread 0x0000000015799000 nmethod 2365 0x0000000003a72850 code [0x0000000003a72a00, 0x0000000003a732b8]

GC Heap History (4 events):
Event: 4.328 GC heap before
{Heap before GC invocations=1 (full 0):
 PSYoungGen      total 36864K, used 31744K [0x00000000eab00000, 0x00000000ed400000, 0x0000000100000000)
  eden space 31744K, 100% used [0x00000000eab00000,0x00000000eca00000,0x00000000eca00000)
  from space 5120K, 0% used [0x00000000ecf00000,0x00000000ecf00000,0x00000000ed400000)
  to   space 5120K, 0% used [0x00000000eca00000,0x00000000eca00000,0x00000000ecf00000)
 ParOldGen       total 84992K, used 0K [0x00000000c0000000, 0x00000000c5300000, 0x00000000eab00000)
  object space 84992K, 0% used [0x00000000c0000000,0x00000000c0000000,0x00000000c5300000)
 Metaspace       used 6063K, capacity 7024K, committed 7296K, reserved 1056768K
  class space    used 597K, capacity 616K, committed 640K, reserved 1048576K
Event: 4.765 GC heap after
Heap after GC invocations=1 (full 0):
 PSYoungGen      total 36864K, used 5117K [0x00000000eab00000, 0x00000000ef300000, 0x0000000100000000)
  eden space 31744K, 0% used [0x00000000eab00000,0x00000000eab00000,0x00000000eca00000)
  from space 5120K, 99% used [0x00000000eca00000,0x00000000eceff540,0x00000000ecf00000)
  to   space 5120K, 0% used [0x00000000eee00000,0x00000000eee00000,0x00000000ef300000)
 ParOldGen       total 84992K, used 1413K [0x00000000c0000000, 0x00000000c5300000, 0x00000000eab00000)
  object space 84992K, 1% used [0x00000000c0000000,0x00000000c01617f8,0x00000000c5300000)
 Metaspace       used 6063K, capacity 7024K, committed 7296K, reserved 1056768K
  class space    used 597K, capacity 616K, committed 640K, reserved 1048576K
}
Event: 6.532 GC heap before
{Heap before GC invocations=2 (full 0):
 PSYoungGen      total 36864K, used 36861K [0x00000000eab00000, 0x00000000ef300000, 0x0000000100000000)
  eden space 31744K, 100% used [0x00000000eab00000,0x00000000eca00000,0x00000000eca00000)
  from space 5120K, 99% used [0x00000000eca00000,0x00000000eceff540,0x00000000ecf00000)
  to   space 5120K, 0% used [0x00000000eee00000,0x00000000eee00000,0x00000000ef300000)
 ParOldGen       total 84992K, used 1413K [0x00000000c0000000, 0x00000000c5300000, 0x00000000eab00000)
  object space 84992K, 1% used [0x00000000c0000000,0x00000000c01617f8,0x00000000c5300000)
 Metaspace       used 6183K, capacity 7088K, committed 7296K, reserved 1056768K
  class space    used 597K, capacity 616K, committed 640K, reserved 1048576K
Event: 6.856 GC heap after
Heap after GC invocations=2 (full 0):
 PSYoungGen      total 68608K, used 5090K [0x00000000eab00000, 0x00000000ef300000, 0x0000000100000000)
  eden space 63488K, 0% used [0x00000000eab00000,0x00000000eab00000,0x00000000ee900000)
  from space 5120K, 99% used [0x00000000eee00000,0x00000000ef2f8ac8,0x00000000ef300000)
  to   space 5120K, 0% used [0x00000000ee900000,0x00000000ee900000,0x00000000eee00000)
 ParOldGen       total 84992K, used 5750K [0x00000000c0000000, 0x00000000c5300000, 0x00000000eab00000)
  object space 84992K, 6% used [0x00000000c0000000,0x00000000c059d9c0,0x00000000c5300000)
 Metaspace       used 6183K, capacity 7088K, committed 7296K, reserved 1056768K
  class space    used 597K, capacity 616K, committed 640K, reserved 1048576K
}

Deoptimization events (10 events):
Event: 10.957 Thread 0x0000000002f70800 Uncommon trap: reason=unstable_if action=reinterpret pc=0x0000000003924940 method=com.android.dx.dex.code.OutputFinisher.findOpcodeForInsn(Lcom/android/dx/dex/code/DalvInsn;Lcom/android/dx/dex/code/Dop;)Lcom/android/dx/dex/code/Dop; @ 1
Event: 11.625 Thread 0x0000000002f70800 Uncommon trap: reason=unstable_if action=reinterpret pc=0x0000000003691780 method=java.util.TreeMap.put(Ljava/lang/Object;Ljava/lang/Object;)Ljava/lang/Object; @ 163
Event: 13.875 Thread 0x0000000002f70800 Uncommon trap: reason=unstable_if action=reinterpret pc=0x00000000039a5f44 method=com.android.dx.util.ByteArrayAnnotatedOutput.writeByte(I)V @ 13
Event: 14.676 Thread 0x0000000002f70800 Uncommon trap: reason=unstable_if action=reinterpret pc=0x00000000039bf0fc method=com.android.dx.util.ByteArrayAnnotatedOutput.writeUleb128(I)I @ 4
Event: 14.676 Thread 0x0000000002f70800 Uncommon trap: reason=unstable_if action=reinterpret pc=0x00000000039c110c method=com.android.dx.util.ByteArrayAnnotatedOutput.writeByte(I)V @ 13
Event: 14.691 Thread 0x0000000002f70800 Uncommon trap: reason=unstable_if action=reinterpret pc=0x0000000003909ccc method=java.lang.String.indexOf([CII[CIII)I @ 3
Event: 14.691 Thread 0x0000000002f70800 Uncommon trap: reason=unstable_if action=reinterpret pc=0x0000000003378e2c method=java.util.Arrays.copyOf([Ljava/lang/Object;ILjava/lang/Class;)[Ljava/lang/Object; @ 3
Event: 14.692 Thread 0x0000000002f70800 Uncommon trap: reason=class_check action=maybe_recompile pc=0x0000000003897a40 method=java.util.HashMap.putVal(ILjava/lang/Object;Ljava/lang/Object;ZZ)Ljava/lang/Object; @ 56
Event: 14.692 Thread 0x0000000002f70800 Uncommon trap: reason=class_check action=maybe_recompile pc=0x0000000003897ae8 method=java.util.HashMap.putVal(ILjava/lang/Object;Ljava/lang/Object;ZZ)Ljava/lang/Object; @ 152
Event: 14.692 Thread 0x0000000002f70800 Uncommon trap: reason=class_check action=maybe_recompile pc=0x0000000003897a40 method=java.util.HashMap.putVal(ILjava/lang/Object;Ljava/lang/Object;ZZ)Ljava/lang/Object; @ 56

Internal exceptions (5 events):
Event: 0.066 Thread 0x0000000002f70800 Exception <a 'java/lang/NoSuchMethodError': Method sun.misc.Unsafe.defineClass(Ljava/lang/String;[BII)Ljava/lang/Class; name or signature does not match> (0x00000000eab13090) thrown at [C:\re\workspace\8-2-build-windows-amd64-cygwin\jdk8u60\4407\hotspot\srk:Îùª±?
Event: 0.066 Thread 0x0000000002f70800 Exception <a 'java/lang/NoSuchMethodError': Method sun.misc.Unsafe.prefetchRead(Ljava/lang/Object;J)V name or signature does not match> (0x00000000eab13378) thrown at [C:\re\workspace\8-2-build-windows-amd64-cygwin\jdk8u60\4407\hotspot\src\share\vm\prims\j²<³¥sÿ@
Event: 3.000 Thread 0x0000000017166800 Implicit null exception at 0x0000000003385062 to 0x000000000338515a
Event: 4.769 Thread 0x0000000017183800 Implicit null exception at 0x0000000003437144 to 0x0000000003438285
Event: 4.769 Thread 0x0000000017183800 Implicit null exception at 0x000000000342c3e6 to 0x000000000342e021

Events (10 events):
Event: 14.695 loading class sun/security/provider/SHA
Event: 14.695 loading class sun/security/provider/DigestBase
Event: 14.695 loading class sun/security/provider/DigestBase done
Event: 14.695 loading class sun/security/provider/SHA done
Event: 14.695 loading class sun/security/jca/GetInstance$Instance
Event: 14.695 loading class sun/security/jca/GetInstance$Instance done
Event: 14.696 loading class java/security/MessageDigest$Delegate
Event: 14.696 loading class java/security/MessageDigest$Delegate done
Event: 14.696 loading class sun/security/provider/ByteArrayAccess
Event: 14.696 loading class sun/security/provider/ByteArrayAccess done


Dynamic libraries:
0x00007ff624740000 - 0x00007ff624777000 	C:\Program Files\Java\jdk1.8.0_60\bin\java.exe
0x00007ff8863d0000 - 0x00007ff886591000 	C:\Windows\SYSTEM32\ntdll.dll
0x00007ff885ee0000 - 0x00007ff885f8d000 	C:\Windows\system32\KERNEL32.DLL
0x00007ff8838c0000 - 0x00007ff883a9d000 	C:\Windows\system32\KERNELBASE.dll
0x00007ff8853a0000 - 0x00007ff885446000 	C:\Windows\system32\ADVAPI32.dll
0x00007ff885290000 - 0x00007ff88532d000 	C:\Windows\system32\msvcrt.dll
0x00007ff885f90000 - 0x00007ff885feb000 	C:\Windows\system32\sechost.dll
0x00007ff883aa0000 - 0x00007ff883bc6000 	C:\Windows\system32\RPCRT4.dll
0x00007ff885670000 - 0x00007ff8857be000 	C:\Windows\system32\USER32.dll
0x00007ff8859b0000 - 0x00007ff885b36000 	C:\Windows\system32\GDI32.dll
0x00007ff876bc0000 - 0x00007ff876e34000 	C:\Windows\WinSxS\amd64_microsoft.windows.common-controls_6595b64144ccf1df_6.0.10240.16425_none_f4210608574f6bfb\COMCTL32.dll
0x00007ff885250000 - 0x00007ff885286000 	C:\Windows\system32\IMM32.DLL
0x00007ff885ff0000 - 0x00007ff88614c000 	C:\Windows\system32\MSCTF.dll
0x000000006fb80000 - 0x000000006fc52000 	C:\Program Files\Java\jdk1.8.0_60\jre\bin\msvcr100.dll
0x000000006ff50000 - 0x00000000707d9000 	C:\Program Files\Java\jdk1.8.0_60\jre\bin\server\jvm.dll
0x00007ff885220000 - 0x00007ff885228000 	C:\Windows\system32\PSAPI.DLL
0x00007ff880f80000 - 0x00007ff880fa3000 	C:\Windows\SYSTEM32\WINMM.dll
0x00007ff87ae60000 - 0x00007ff87ae6a000 	C:\Windows\SYSTEM32\VERSION.dll
0x00007ff880fc0000 - 0x00007ff880fc9000 	C:\Windows\SYSTEM32\WSOCK32.dll
0x00007ff885330000 - 0x00007ff885399000 	C:\Windows\system32\WS2_32.dll
0x00007ff885ed0000 - 0x00007ff885ed8000 	C:\Windows\system32\NSI.dll
0x0000000002af0000 - 0x0000000002b1c000 	C:\Windows\SYSTEM32\WINMMBASE.dll
0x00007ff883870000 - 0x00007ff8838b4000 	C:\Windows\system32\cfgmgr32.dll
0x00007ff881770000 - 0x00007ff881797000 	C:\Windows\SYSTEM32\DEVOBJ.dll
0x0000000070be0000 - 0x0000000070bef000 	C:\Program Files\Java\jdk1.8.0_60\jre\bin\verify.dll
0x0000000070bb0000 - 0x0000000070bd9000 	C:\Program Files\Java\jdk1.8.0_60\jre\bin\java.dll
0x0000000070b90000 - 0x0000000070ba6000 	C:\Program Files\Java\jdk1.8.0_60\jre\bin\zip.dll
0x00007ff883c90000 - 0x00007ff8851b2000 	C:\Windows\system32\SHELL32.dll
0x00007ff883070000 - 0x00007ff883699000 	C:\Windows\system32\windows.storage.dll
0x00007ff886150000 - 0x00007ff8863cc000 	C:\Windows\system32\combase.dll
0x00007ff885610000 - 0x00007ff885661000 	C:\Windows\system32\shlwapi.dll
0x00007ff882e70000 - 0x00007ff882e7f000 	C:\Windows\system32\kernel.appcore.dll
0x00007ff8837b0000 - 0x00007ff883863000 	C:\Windows\system32\shcore.dll
0x00007ff882e20000 - 0x00007ff882e6a000 	C:\Windows\system32\powrprof.dll
0x00007ff882e80000 - 0x00007ff882e93000 	C:\Windows\system32\profapi.dll

VM Arguments:
jvm_args: -Xmx1024M -Dfile.encoding=GBK -Duser.country=CN -Duser.language=zh -Duser.variant 
java_command: com.android.dx.command.Main --dex --num-threads=4 --output C:\Users\37902\AndroidStudioProjects\ActionBarDemo\actionbartest\build\intermediates\pre-dexed\debug\internal_impl-23.0.1-5f5395e2ee8c8c318c2cdcf1973b1f3a1fbe27fc.jar C:\Users\37902\AndroidStudioProjects\ActionBarDemo\actionbartest\build\intermediates\exploded-aar\com.android.support\support-v4\23.0.1\jars\libs\internal_impl-23.0.1.jar
java_class_path (initial): C:\Users\37902\AppData\Local\Android\sdk2\build-tools\23.0.1\lib\dx.jar
Launcher Type: SUN_STANDARD

Environment Variables:
JAVA_HOME=C:\Program Files\Java\jdk1.8.0_60
CLASSPATH=.;C:\Program Files\Java\jdk1.8.0_60\lib\dt.jar;C:\Program Files\Java\jdk1.8.0_60\lib\tools.jar
PATH=C:\Program Files\Java\jdk1.8.0_60\bin;C:\Program Files\Java\jdk1.8.0_60\jre\bin;C:\Windows/system32;C:\Windows;C:\Program Files (x86)\Calibre2\;C:\Users\37902\bin;C:\Users\37902\AppData\Local\Android\sdk2\platform-tools
USERNAME=37902
OS=Windows_NT
PROCESSOR_IDENTIFIER=Intel64 Family 6 Model 60 Stepping 3, GenuineIntel



---------------  S Y S T E M  ---------------

OS: Windows 10.0 , 64 bit Build 10240 (10.0.10240.16425)

CPU:total 4 (2 cores per cpu, 2 threads per core) family 6 model 60 stepping 3, cmov, cx8, fxsr, mmx, sse, sse2, sse3, ssse3, sse4.1, sse4.2, popcnt, avx, avx2, aes, clmul, erms, lzcnt, ht, tsc, tscinvbit, bmi1, bmi2

Memory: 4k page, physical 8033736k(1507844k free), swap 8033736k(5020k free)

vm_info: Java HotSpot(TM) 64-Bit Server VM (25.60-b23) for windows-amd64 JRE (1.8.0_60-b27), built on Aug  4 2015 11:06:27 by "java_re" with MS VC++ 10.0 (VS2010)

time: Sat Oct 31 18:55:19 2015
elapsed time: 14 seconds (0d 0h 0m 14s)

